[2017-02-08T05:31:41,181][INFO ][o.e.n.Node               ] [] initializing ...
[2017-02-08T05:31:41,262][INFO ][o.e.e.NodeEnvironment    ] [4-RwZ7L] using [1] data paths, mounts [[/ (/dev/disk1)]], net usable_space [121.1gb], net total_space [232.6gb], spins? [unknown], types [hfs]
[2017-02-08T05:31:41,262][INFO ][o.e.e.NodeEnvironment    ] [4-RwZ7L] heap size [1.9gb], compressed ordinary object pointers [true]
[2017-02-08T05:31:41,264][INFO ][o.e.n.Node               ] node name [4-RwZ7L] derived from node ID [4-RwZ7LpRjGym25C2Wzmcg]; set [node.name] to override
[2017-02-08T05:31:41,267][INFO ][o.e.n.Node               ] version[5.2.0], pid[53270], build[24e05b9/2017-01-24T19:52:35.800Z], OS[Mac OS X/10.12.3/x86_64], JVM[Oracle Corporation/Java HotSpot(TM) 64-Bit Server VM/1.8.0_111/25.111-b14]
[2017-02-08T05:31:41,954][INFO ][o.e.p.PluginsService     ] [4-RwZ7L] loaded module [aggs-matrix-stats]
[2017-02-08T05:31:41,954][INFO ][o.e.p.PluginsService     ] [4-RwZ7L] loaded module [ingest-common]
[2017-02-08T05:31:41,954][INFO ][o.e.p.PluginsService     ] [4-RwZ7L] loaded module [lang-expression]
[2017-02-08T05:31:41,954][INFO ][o.e.p.PluginsService     ] [4-RwZ7L] loaded module [lang-groovy]
[2017-02-08T05:31:41,954][INFO ][o.e.p.PluginsService     ] [4-RwZ7L] loaded module [lang-mustache]
[2017-02-08T05:31:41,954][INFO ][o.e.p.PluginsService     ] [4-RwZ7L] loaded module [lang-painless]
[2017-02-08T05:31:41,954][INFO ][o.e.p.PluginsService     ] [4-RwZ7L] loaded module [percolator]
[2017-02-08T05:31:41,955][INFO ][o.e.p.PluginsService     ] [4-RwZ7L] loaded module [reindex]
[2017-02-08T05:31:41,955][INFO ][o.e.p.PluginsService     ] [4-RwZ7L] loaded module [transport-netty3]
[2017-02-08T05:31:41,955][INFO ][o.e.p.PluginsService     ] [4-RwZ7L] loaded module [transport-netty4]
[2017-02-08T05:31:41,955][INFO ][o.e.p.PluginsService     ] [4-RwZ7L] no plugins loaded
[2017-02-08T05:31:43,664][INFO ][o.e.n.Node               ] initialized
[2017-02-08T05:31:43,664][INFO ][o.e.n.Node               ] [4-RwZ7L] starting ...
[2017-02-08T05:31:43,858][INFO ][o.e.t.TransportService   ] [4-RwZ7L] publish_address {127.0.0.1:9300}, bound_addresses {[fe80::1]:9300}, {[::1]:9300}, {127.0.0.1:9300}
[2017-02-08T05:31:46,908][INFO ][o.e.c.s.ClusterService   ] [4-RwZ7L] new_master {4-RwZ7L}{4-RwZ7LpRjGym25C2Wzmcg}{Bgcq-L0WRvmG51GTXvzuMw}{127.0.0.1}{127.0.0.1:9300}, reason: zen-disco-elected-as-master ([0] nodes joined)
[2017-02-08T05:31:46,926][INFO ][o.e.h.HttpServer         ] [4-RwZ7L] publish_address {127.0.0.1:9200}, bound_addresses {[fe80::1]:9200}, {[::1]:9200}, {127.0.0.1:9200}
[2017-02-08T05:31:46,926][INFO ][o.e.n.Node               ] [4-RwZ7L] started
[2017-02-08T05:31:46,929][INFO ][o.e.g.GatewayService     ] [4-RwZ7L] recovered [0] indices into cluster_state
[2017-02-08T05:49:36,253][INFO ][o.e.c.m.MetaDataCreateIndexService] [4-RwZ7L] [app] creating index, cause [api], templates [], shards [5]/[1], mappings [meaning, word]
[2017-02-08T05:57:27,831][INFO ][o.e.c.m.MetaDataDeleteIndexService] [4-RwZ7L] [app/ZAwAdHRKSz6BtMk6QyTZbg] deleting index
[2017-02-08T05:57:27,866][INFO ][o.e.c.m.MetaDataCreateIndexService] [4-RwZ7L] [app] creating index, cause [api], templates [], shards [5]/[1], mappings [word]
[2017-02-08T06:05:26,205][INFO ][o.e.m.j.JvmGcMonitorService] [4-RwZ7L] [gc][2017] overhead, spent [280ms] collecting in the last [1s]
[2017-02-08T07:19:05,820][INFO ][o.e.c.m.MetaDataDeleteIndexService] [4-RwZ7L] [app/uwJjNuNKSXmaLJjHBmIcww] deleting index
[2017-02-08T07:19:05,864][INFO ][o.e.c.m.MetaDataCreateIndexService] [4-RwZ7L] [app] creating index, cause [api], templates [], shards [5]/[1], mappings [word]
[2017-02-08T08:20:24,370][WARN ][r.suppressed             ] path: /app/word/_search, params: {index=app, type=word}
java.lang.IllegalStateException: Can't get text on a START_ARRAY at 1:31
	at org.elasticsearch.common.xcontent.json.JsonXContentParser.text(JsonXContentParser.java:88) ~[elasticsearch-5.2.0.jar:5.2.0]
	at org.elasticsearch.common.xcontent.json.JsonXContentParser.objectText(JsonXContentParser.java:110) ~[elasticsearch-5.2.0.jar:5.2.0]
	at org.elasticsearch.index.query.MatchQueryBuilder.fromXContent(MatchQueryBuilder.java:623) ~[elasticsearch-5.2.0.jar:5.2.0]
	at org.elasticsearch.search.SearchModule.lambda$registerQuery$8(SearchModule.java:789) ~[elasticsearch-5.2.0.jar:5.2.0]
	at org.elasticsearch.common.xcontent.NamedXContentRegistry.parseNamedObject(NamedXContentRegistry.java:162) ~[elasticsearch-5.2.0.jar:5.2.0]
	at org.elasticsearch.common.xcontent.support.AbstractXContentParser.namedObject(AbstractXContentParser.java:369) ~[elasticsearch-5.2.0.jar:5.2.0]
	at org.elasticsearch.index.query.QueryParseContext.parseInnerQueryBuilder(QueryParseContext.java:116) ~[elasticsearch-5.2.0.jar:5.2.0]
	at org.elasticsearch.search.builder.SearchSourceBuilder.parseXContent(SearchSourceBuilder.java:969) ~[elasticsearch-5.2.0.jar:5.2.0]
	at org.elasticsearch.rest.action.search.RestSearchAction.parseSearchRequest(RestSearchAction.java:99) ~[elasticsearch-5.2.0.jar:5.2.0]
	at org.elasticsearch.rest.action.search.RestSearchAction.lambda$prepareRequest$0(RestSearchAction.java:79) ~[elasticsearch-5.2.0.jar:5.2.0]
	at org.elasticsearch.rest.RestRequest.withContentOrSourceParamParserOrNull(RestRequest.java:296) ~[elasticsearch-5.2.0.jar:5.2.0]
	at org.elasticsearch.rest.action.search.RestSearchAction.prepareRequest(RestSearchAction.java:78) ~[elasticsearch-5.2.0.jar:5.2.0]
	at org.elasticsearch.rest.BaseRestHandler.handleRequest(BaseRestHandler.java:66) ~[elasticsearch-5.2.0.jar:5.2.0]
	at org.elasticsearch.rest.RestController.dispatchRequest(RestController.java:162) ~[elasticsearch-5.2.0.jar:5.2.0]
	at org.elasticsearch.http.HttpServer.dispatchRequest(HttpServer.java:115) [elasticsearch-5.2.0.jar:5.2.0]
	at org.elasticsearch.http.netty4.Netty4HttpServerTransport.dispatchRequest(Netty4HttpServerTransport.java:515) [transport-netty4-5.2.0.jar:5.2.0]
	at org.elasticsearch.http.netty4.Netty4HttpRequestHandler.channelRead0(Netty4HttpRequestHandler.java:70) [transport-netty4-5.2.0.jar:5.2.0]
	at io.netty.channel.SimpleChannelInboundHandler.channelRead(SimpleChannelInboundHandler.java:105) [netty-transport-4.1.7.Final.jar:4.1.7.Final]
	at io.netty.channel.AbstractChannelHandlerContext.invokeChannelRead(AbstractChannelHandlerContext.java:363) [netty-transport-4.1.7.Final.jar:4.1.7.Final]
	at io.netty.channel.AbstractChannelHandlerContext.invokeChannelRead(AbstractChannelHandlerContext.java:349) [netty-transport-4.1.7.Final.jar:4.1.7.Final]
	at io.netty.channel.AbstractChannelHandlerContext.fireChannelRead(AbstractChannelHandlerContext.java:341) [netty-transport-4.1.7.Final.jar:4.1.7.Final]
	at org.elasticsearch.http.netty4.pipelining.HttpPipeliningHandler.channelRead(HttpPipeliningHandler.java:66) [transport-netty4-5.2.0.jar:5.2.0]
	at io.netty.channel.AbstractChannelHandlerContext.invokeChannelRead(AbstractChannelHandlerContext.java:363) [netty-transport-4.1.7.Final.jar:4.1.7.Final]
	at io.netty.channel.AbstractChannelHandlerContext.invokeChannelRead(AbstractChannelHandlerContext.java:349) [netty-transport-4.1.7.Final.jar:4.1.7.Final]
	at io.netty.channel.AbstractChannelHandlerContext.fireChannelRead(AbstractChannelHandlerContext.java:341) [netty-transport-4.1.7.Final.jar:4.1.7.Final]
	at io.netty.handler.codec.MessageToMessageDecoder.channelRead(MessageToMessageDecoder.java:102) [netty-codec-4.1.7.Final.jar:4.1.7.Final]
	at io.netty.handler.codec.MessageToMessageCodec.channelRead(MessageToMessageCodec.java:111) [netty-codec-4.1.7.Final.jar:4.1.7.Final]
	at io.netty.channel.AbstractChannelHandlerContext.invokeChannelRead(AbstractChannelHandlerContext.java:363) [netty-transport-4.1.7.Final.jar:4.1.7.Final]
	at io.netty.channel.AbstractChannelHandlerContext.invokeChannelRead(AbstractChannelHandlerContext.java:349) [netty-transport-4.1.7.Final.jar:4.1.7.Final]
	at io.netty.channel.AbstractChannelHandlerContext.fireChannelRead(AbstractChannelHandlerContext.java:341) [netty-transport-4.1.7.Final.jar:4.1.7.Final]
	at io.netty.handler.codec.MessageToMessageDecoder.channelRead(MessageToMessageDecoder.java:102) [netty-codec-4.1.7.Final.jar:4.1.7.Final]
	at io.netty.channel.AbstractChannelHandlerContext.invokeChannelRead(AbstractChannelHandlerContext.java:363) [netty-transport-4.1.7.Final.jar:4.1.7.Final]
	at io.netty.channel.AbstractChannelHandlerContext.invokeChannelRead(AbstractChannelHandlerContext.java:349) [netty-transport-4.1.7.Final.jar:4.1.7.Final]
	at io.netty.channel.AbstractChannelHandlerContext.fireChannelRead(AbstractChannelHandlerContext.java:341) [netty-transport-4.1.7.Final.jar:4.1.7.Final]
	at io.netty.handler.codec.MessageToMessageDecoder.channelRead(MessageToMessageDecoder.java:102) [netty-codec-4.1.7.Final.jar:4.1.7.Final]
	at io.netty.channel.AbstractChannelHandlerContext.invokeChannelRead(AbstractChannelHandlerContext.java:363) [netty-transport-4.1.7.Final.jar:4.1.7.Final]
	at io.netty.channel.AbstractChannelHandlerContext.invokeChannelRead(AbstractChannelHandlerContext.java:349) [netty-transport-4.1.7.Final.jar:4.1.7.Final]
	at io.netty.channel.AbstractChannelHandlerContext.fireChannelRead(AbstractChannelHandlerContext.java:341) [netty-transport-4.1.7.Final.jar:4.1.7.Final]
	at io.netty.handler.codec.ByteToMessageDecoder.fireChannelRead(ByteToMessageDecoder.java:293) [netty-codec-4.1.7.Final.jar:4.1.7.Final]
	at io.netty.handler.codec.ByteToMessageDecoder.channelRead(ByteToMessageDecoder.java:267) [netty-codec-4.1.7.Final.jar:4.1.7.Final]
	at io.netty.channel.AbstractChannelHandlerContext.invokeChannelRead(AbstractChannelHandlerContext.java:363) [netty-transport-4.1.7.Final.jar:4.1.7.Final]
	at io.netty.channel.AbstractChannelHandlerContext.invokeChannelRead(AbstractChannelHandlerContext.java:349) [netty-transport-4.1.7.Final.jar:4.1.7.Final]
	at io.netty.channel.AbstractChannelHandlerContext.fireChannelRead(AbstractChannelHandlerContext.java:341) [netty-transport-4.1.7.Final.jar:4.1.7.Final]
	at io.netty.channel.ChannelInboundHandlerAdapter.channelRead(ChannelInboundHandlerAdapter.java:86) [netty-transport-4.1.7.Final.jar:4.1.7.Final]
	at io.netty.channel.AbstractChannelHandlerContext.invokeChannelRead(AbstractChannelHandlerContext.java:363) [netty-transport-4.1.7.Final.jar:4.1.7.Final]
	at io.netty.channel.AbstractChannelHandlerContext.invokeChannelRead(AbstractChannelHandlerContext.java:349) [netty-transport-4.1.7.Final.jar:4.1.7.Final]
	at io.netty.channel.AbstractChannelHandlerContext.fireChannelRead(AbstractChannelHandlerContext.java:341) [netty-transport-4.1.7.Final.jar:4.1.7.Final]
	at io.netty.channel.DefaultChannelPipeline$HeadContext.channelRead(DefaultChannelPipeline.java:1334) [netty-transport-4.1.7.Final.jar:4.1.7.Final]
	at io.netty.channel.AbstractChannelHandlerContext.invokeChannelRead(AbstractChannelHandlerContext.java:363) [netty-transport-4.1.7.Final.jar:4.1.7.Final]
	at io.netty.channel.AbstractChannelHandlerContext.invokeChannelRead(AbstractChannelHandlerContext.java:349) [netty-transport-4.1.7.Final.jar:4.1.7.Final]
	at io.netty.channel.DefaultChannelPipeline.fireChannelRead(DefaultChannelPipeline.java:926) [netty-transport-4.1.7.Final.jar:4.1.7.Final]
	at io.netty.channel.nio.AbstractNioByteChannel$NioByteUnsafe.read(AbstractNioByteChannel.java:129) [netty-transport-4.1.7.Final.jar:4.1.7.Final]
	at io.netty.channel.nio.NioEventLoop.processSelectedKey(NioEventLoop.java:642) [netty-transport-4.1.7.Final.jar:4.1.7.Final]
	at io.netty.channel.nio.NioEventLoop.processSelectedKeysPlain(NioEventLoop.java:527) [netty-transport-4.1.7.Final.jar:4.1.7.Final]
	at io.netty.channel.nio.NioEventLoop.processSelectedKeys(NioEventLoop.java:481) [netty-transport-4.1.7.Final.jar:4.1.7.Final]
	at io.netty.channel.nio.NioEventLoop.run(NioEventLoop.java:441) [netty-transport-4.1.7.Final.jar:4.1.7.Final]
	at io.netty.util.concurrent.SingleThreadEventExecutor$5.run(SingleThreadEventExecutor.java:858) [netty-common-4.1.7.Final.jar:4.1.7.Final]
	at java.lang.Thread.run(Thread.java:745) [?:1.8.0_111]
[2017-02-08T08:20:28,686][WARN ][r.suppressed             ] path: /app/word/_search, params: {index=app, type=word}
java.lang.IllegalStateException: Can't get text on a START_ARRAY at 1:31
	at org.elasticsearch.common.xcontent.json.JsonXContentParser.text(JsonXContentParser.java:88) ~[elasticsearch-5.2.0.jar:5.2.0]
	at org.elasticsearch.common.xcontent.json.JsonXContentParser.objectText(JsonXContentParser.java:110) ~[elasticsearch-5.2.0.jar:5.2.0]
	at org.elasticsearch.index.query.MatchQueryBuilder.fromXContent(MatchQueryBuilder.java:623) ~[elasticsearch-5.2.0.jar:5.2.0]
	at org.elasticsearch.search.SearchModule.lambda$registerQuery$8(SearchModule.java:789) ~[elasticsearch-5.2.0.jar:5.2.0]
	at org.elasticsearch.common.xcontent.NamedXContentRegistry.parseNamedObject(NamedXContentRegistry.java:162) ~[elasticsearch-5.2.0.jar:5.2.0]
	at org.elasticsearch.common.xcontent.support.AbstractXContentParser.namedObject(AbstractXContentParser.java:369) ~[elasticsearch-5.2.0.jar:5.2.0]
	at org.elasticsearch.index.query.QueryParseContext.parseInnerQueryBuilder(QueryParseContext.java:116) ~[elasticsearch-5.2.0.jar:5.2.0]
	at org.elasticsearch.search.builder.SearchSourceBuilder.parseXContent(SearchSourceBuilder.java:969) ~[elasticsearch-5.2.0.jar:5.2.0]
	at org.elasticsearch.rest.action.search.RestSearchAction.parseSearchRequest(RestSearchAction.java:99) ~[elasticsearch-5.2.0.jar:5.2.0]
	at org.elasticsearch.rest.action.search.RestSearchAction.lambda$prepareRequest$0(RestSearchAction.java:79) ~[elasticsearch-5.2.0.jar:5.2.0]
	at org.elasticsearch.rest.RestRequest.withContentOrSourceParamParserOrNull(RestRequest.java:296) ~[elasticsearch-5.2.0.jar:5.2.0]
	at org.elasticsearch.rest.action.search.RestSearchAction.prepareRequest(RestSearchAction.java:78) ~[elasticsearch-5.2.0.jar:5.2.0]
	at org.elasticsearch.rest.BaseRestHandler.handleRequest(BaseRestHandler.java:66) ~[elasticsearch-5.2.0.jar:5.2.0]
	at org.elasticsearch.rest.RestController.dispatchRequest(RestController.java:162) ~[elasticsearch-5.2.0.jar:5.2.0]
	at org.elasticsearch.http.HttpServer.dispatchRequest(HttpServer.java:115) [elasticsearch-5.2.0.jar:5.2.0]
	at org.elasticsearch.http.netty4.Netty4HttpServerTransport.dispatchRequest(Netty4HttpServerTransport.java:515) [transport-netty4-5.2.0.jar:5.2.0]
	at org.elasticsearch.http.netty4.Netty4HttpRequestHandler.channelRead0(Netty4HttpRequestHandler.java:70) [transport-netty4-5.2.0.jar:5.2.0]
	at io.netty.channel.SimpleChannelInboundHandler.channelRead(SimpleChannelInboundHandler.java:105) [netty-transport-4.1.7.Final.jar:4.1.7.Final]
	at io.netty.channel.AbstractChannelHandlerContext.invokeChannelRead(AbstractChannelHandlerContext.java:363) [netty-transport-4.1.7.Final.jar:4.1.7.Final]
	at io.netty.channel.AbstractChannelHandlerContext.invokeChannelRead(AbstractChannelHandlerContext.java:349) [netty-transport-4.1.7.Final.jar:4.1.7.Final]
	at io.netty.channel.AbstractChannelHandlerContext.fireChannelRead(AbstractChannelHandlerContext.java:341) [netty-transport-4.1.7.Final.jar:4.1.7.Final]
	at org.elasticsearch.http.netty4.pipelining.HttpPipeliningHandler.channelRead(HttpPipeliningHandler.java:66) [transport-netty4-5.2.0.jar:5.2.0]
	at io.netty.channel.AbstractChannelHandlerContext.invokeChannelRead(AbstractChannelHandlerContext.java:363) [netty-transport-4.1.7.Final.jar:4.1.7.Final]
	at io.netty.channel.AbstractChannelHandlerContext.invokeChannelRead(AbstractChannelHandlerContext.java:349) [netty-transport-4.1.7.Final.jar:4.1.7.Final]
	at io.netty.channel.AbstractChannelHandlerContext.fireChannelRead(AbstractChannelHandlerContext.java:341) [netty-transport-4.1.7.Final.jar:4.1.7.Final]
	at io.netty.handler.codec.MessageToMessageDecoder.channelRead(MessageToMessageDecoder.java:102) [netty-codec-4.1.7.Final.jar:4.1.7.Final]
	at io.netty.handler.codec.MessageToMessageCodec.channelRead(MessageToMessageCodec.java:111) [netty-codec-4.1.7.Final.jar:4.1.7.Final]
	at io.netty.channel.AbstractChannelHandlerContext.invokeChannelRead(AbstractChannelHandlerContext.java:363) [netty-transport-4.1.7.Final.jar:4.1.7.Final]
	at io.netty.channel.AbstractChannelHandlerContext.invokeChannelRead(AbstractChannelHandlerContext.java:349) [netty-transport-4.1.7.Final.jar:4.1.7.Final]
	at io.netty.channel.AbstractChannelHandlerContext.fireChannelRead(AbstractChannelHandlerContext.java:341) [netty-transport-4.1.7.Final.jar:4.1.7.Final]
	at io.netty.handler.codec.MessageToMessageDecoder.channelRead(MessageToMessageDecoder.java:102) [netty-codec-4.1.7.Final.jar:4.1.7.Final]
	at io.netty.channel.AbstractChannelHandlerContext.invokeChannelRead(AbstractChannelHandlerContext.java:363) [netty-transport-4.1.7.Final.jar:4.1.7.Final]
	at io.netty.channel.AbstractChannelHandlerContext.invokeChannelRead(AbstractChannelHandlerContext.java:349) [netty-transport-4.1.7.Final.jar:4.1.7.Final]
	at io.netty.channel.AbstractChannelHandlerContext.fireChannelRead(AbstractChannelHandlerContext.java:341) [netty-transport-4.1.7.Final.jar:4.1.7.Final]
	at io.netty.handler.codec.MessageToMessageDecoder.channelRead(MessageToMessageDecoder.java:102) [netty-codec-4.1.7.Final.jar:4.1.7.Final]
	at io.netty.channel.AbstractChannelHandlerContext.invokeChannelRead(AbstractChannelHandlerContext.java:363) [netty-transport-4.1.7.Final.jar:4.1.7.Final]
	at io.netty.channel.AbstractChannelHandlerContext.invokeChannelRead(AbstractChannelHandlerContext.java:349) [netty-transport-4.1.7.Final.jar:4.1.7.Final]
	at io.netty.channel.AbstractChannelHandlerContext.fireChannelRead(AbstractChannelHandlerContext.java:341) [netty-transport-4.1.7.Final.jar:4.1.7.Final]
	at io.netty.handler.codec.ByteToMessageDecoder.fireChannelRead(ByteToMessageDecoder.java:293) [netty-codec-4.1.7.Final.jar:4.1.7.Final]
	at io.netty.handler.codec.ByteToMessageDecoder.channelRead(ByteToMessageDecoder.java:267) [netty-codec-4.1.7.Final.jar:4.1.7.Final]
	at io.netty.channel.AbstractChannelHandlerContext.invokeChannelRead(AbstractChannelHandlerContext.java:363) [netty-transport-4.1.7.Final.jar:4.1.7.Final]
	at io.netty.channel.AbstractChannelHandlerContext.invokeChannelRead(AbstractChannelHandlerContext.java:349) [netty-transport-4.1.7.Final.jar:4.1.7.Final]
	at io.netty.channel.AbstractChannelHandlerContext.fireChannelRead(AbstractChannelHandlerContext.java:341) [netty-transport-4.1.7.Final.jar:4.1.7.Final]
	at io.netty.channel.ChannelInboundHandlerAdapter.channelRead(ChannelInboundHandlerAdapter.java:86) [netty-transport-4.1.7.Final.jar:4.1.7.Final]
	at io.netty.channel.AbstractChannelHandlerContext.invokeChannelRead(AbstractChannelHandlerContext.java:363) [netty-transport-4.1.7.Final.jar:4.1.7.Final]
	at io.netty.channel.AbstractChannelHandlerContext.invokeChannelRead(AbstractChannelHandlerContext.java:349) [netty-transport-4.1.7.Final.jar:4.1.7.Final]
	at io.netty.channel.AbstractChannelHandlerContext.fireChannelRead(AbstractChannelHandlerContext.java:341) [netty-transport-4.1.7.Final.jar:4.1.7.Final]
	at io.netty.channel.DefaultChannelPipeline$HeadContext.channelRead(DefaultChannelPipeline.java:1334) [netty-transport-4.1.7.Final.jar:4.1.7.Final]
	at io.netty.channel.AbstractChannelHandlerContext.invokeChannelRead(AbstractChannelHandlerContext.java:363) [netty-transport-4.1.7.Final.jar:4.1.7.Final]
	at io.netty.channel.AbstractChannelHandlerContext.invokeChannelRead(AbstractChannelHandlerContext.java:349) [netty-transport-4.1.7.Final.jar:4.1.7.Final]
	at io.netty.channel.DefaultChannelPipeline.fireChannelRead(DefaultChannelPipeline.java:926) [netty-transport-4.1.7.Final.jar:4.1.7.Final]
	at io.netty.channel.nio.AbstractNioByteChannel$NioByteUnsafe.read(AbstractNioByteChannel.java:129) [netty-transport-4.1.7.Final.jar:4.1.7.Final]
	at io.netty.channel.nio.NioEventLoop.processSelectedKey(NioEventLoop.java:642) [netty-transport-4.1.7.Final.jar:4.1.7.Final]
	at io.netty.channel.nio.NioEventLoop.processSelectedKeysPlain(NioEventLoop.java:527) [netty-transport-4.1.7.Final.jar:4.1.7.Final]
	at io.netty.channel.nio.NioEventLoop.processSelectedKeys(NioEventLoop.java:481) [netty-transport-4.1.7.Final.jar:4.1.7.Final]
	at io.netty.channel.nio.NioEventLoop.run(NioEventLoop.java:441) [netty-transport-4.1.7.Final.jar:4.1.7.Final]
	at io.netty.util.concurrent.SingleThreadEventExecutor$5.run(SingleThreadEventExecutor.java:858) [netty-common-4.1.7.Final.jar:4.1.7.Final]
	at java.lang.Thread.run(Thread.java:745) [?:1.8.0_111]
[2017-02-08T08:20:29,899][WARN ][r.suppressed             ] path: /app/word/_search, params: {index=app, type=word}
java.lang.IllegalStateException: Can't get text on a START_ARRAY at 1:31
	at org.elasticsearch.common.xcontent.json.JsonXContentParser.text(JsonXContentParser.java:88) ~[elasticsearch-5.2.0.jar:5.2.0]
	at org.elasticsearch.common.xcontent.json.JsonXContentParser.objectText(JsonXContentParser.java:110) ~[elasticsearch-5.2.0.jar:5.2.0]
	at org.elasticsearch.index.query.MatchQueryBuilder.fromXContent(MatchQueryBuilder.java:623) ~[elasticsearch-5.2.0.jar:5.2.0]
	at org.elasticsearch.search.SearchModule.lambda$registerQuery$8(SearchModule.java:789) ~[elasticsearch-5.2.0.jar:5.2.0]
	at org.elasticsearch.common.xcontent.NamedXContentRegistry.parseNamedObject(NamedXContentRegistry.java:162) ~[elasticsearch-5.2.0.jar:5.2.0]
	at org.elasticsearch.common.xcontent.support.AbstractXContentParser.namedObject(AbstractXContentParser.java:369) ~[elasticsearch-5.2.0.jar:5.2.0]
	at org.elasticsearch.index.query.QueryParseContext.parseInnerQueryBuilder(QueryParseContext.java:116) ~[elasticsearch-5.2.0.jar:5.2.0]
	at org.elasticsearch.search.builder.SearchSourceBuilder.parseXContent(SearchSourceBuilder.java:969) ~[elasticsearch-5.2.0.jar:5.2.0]
	at org.elasticsearch.rest.action.search.RestSearchAction.parseSearchRequest(RestSearchAction.java:99) ~[elasticsearch-5.2.0.jar:5.2.0]
	at org.elasticsearch.rest.action.search.RestSearchAction.lambda$prepareRequest$0(RestSearchAction.java:79) ~[elasticsearch-5.2.0.jar:5.2.0]
	at org.elasticsearch.rest.RestRequest.withContentOrSourceParamParserOrNull(RestRequest.java:296) ~[elasticsearch-5.2.0.jar:5.2.0]
	at org.elasticsearch.rest.action.search.RestSearchAction.prepareRequest(RestSearchAction.java:78) ~[elasticsearch-5.2.0.jar:5.2.0]
	at org.elasticsearch.rest.BaseRestHandler.handleRequest(BaseRestHandler.java:66) ~[elasticsearch-5.2.0.jar:5.2.0]
	at org.elasticsearch.rest.RestController.dispatchRequest(RestController.java:162) ~[elasticsearch-5.2.0.jar:5.2.0]
	at org.elasticsearch.http.HttpServer.dispatchRequest(HttpServer.java:115) [elasticsearch-5.2.0.jar:5.2.0]
	at org.elasticsearch.http.netty4.Netty4HttpServerTransport.dispatchRequest(Netty4HttpServerTransport.java:515) [transport-netty4-5.2.0.jar:5.2.0]
	at org.elasticsearch.http.netty4.Netty4HttpRequestHandler.channelRead0(Netty4HttpRequestHandler.java:70) [transport-netty4-5.2.0.jar:5.2.0]
	at io.netty.channel.SimpleChannelInboundHandler.channelRead(SimpleChannelInboundHandler.java:105) [netty-transport-4.1.7.Final.jar:4.1.7.Final]
	at io.netty.channel.AbstractChannelHandlerContext.invokeChannelRead(AbstractChannelHandlerContext.java:363) [netty-transport-4.1.7.Final.jar:4.1.7.Final]
	at io.netty.channel.AbstractChannelHandlerContext.invokeChannelRead(AbstractChannelHandlerContext.java:349) [netty-transport-4.1.7.Final.jar:4.1.7.Final]
	at io.netty.channel.AbstractChannelHandlerContext.fireChannelRead(AbstractChannelHandlerContext.java:341) [netty-transport-4.1.7.Final.jar:4.1.7.Final]
	at org.elasticsearch.http.netty4.pipelining.HttpPipeliningHandler.channelRead(HttpPipeliningHandler.java:66) [transport-netty4-5.2.0.jar:5.2.0]
	at io.netty.channel.AbstractChannelHandlerContext.invokeChannelRead(AbstractChannelHandlerContext.java:363) [netty-transport-4.1.7.Final.jar:4.1.7.Final]
	at io.netty.channel.AbstractChannelHandlerContext.invokeChannelRead(AbstractChannelHandlerContext.java:349) [netty-transport-4.1.7.Final.jar:4.1.7.Final]
	at io.netty.channel.AbstractChannelHandlerContext.fireChannelRead(AbstractChannelHandlerContext.java:341) [netty-transport-4.1.7.Final.jar:4.1.7.Final]
	at io.netty.handler.codec.MessageToMessageDecoder.channelRead(MessageToMessageDecoder.java:102) [netty-codec-4.1.7.Final.jar:4.1.7.Final]
	at io.netty.handler.codec.MessageToMessageCodec.channelRead(MessageToMessageCodec.java:111) [netty-codec-4.1.7.Final.jar:4.1.7.Final]
	at io.netty.channel.AbstractChannelHandlerContext.invokeChannelRead(AbstractChannelHandlerContext.java:363) [netty-transport-4.1.7.Final.jar:4.1.7.Final]
	at io.netty.channel.AbstractChannelHandlerContext.invokeChannelRead(AbstractChannelHandlerContext.java:349) [netty-transport-4.1.7.Final.jar:4.1.7.Final]
	at io.netty.channel.AbstractChannelHandlerContext.fireChannelRead(AbstractChannelHandlerContext.java:341) [netty-transport-4.1.7.Final.jar:4.1.7.Final]
	at io.netty.handler.codec.MessageToMessageDecoder.channelRead(MessageToMessageDecoder.java:102) [netty-codec-4.1.7.Final.jar:4.1.7.Final]
	at io.netty.channel.AbstractChannelHandlerContext.invokeChannelRead(AbstractChannelHandlerContext.java:363) [netty-transport-4.1.7.Final.jar:4.1.7.Final]
	at io.netty.channel.AbstractChannelHandlerContext.invokeChannelRead(AbstractChannelHandlerContext.java:349) [netty-transport-4.1.7.Final.jar:4.1.7.Final]
	at io.netty.channel.AbstractChannelHandlerContext.fireChannelRead(AbstractChannelHandlerContext.java:341) [netty-transport-4.1.7.Final.jar:4.1.7.Final]
	at io.netty.handler.codec.MessageToMessageDecoder.channelRead(MessageToMessageDecoder.java:102) [netty-codec-4.1.7.Final.jar:4.1.7.Final]
	at io.netty.channel.AbstractChannelHandlerContext.invokeChannelRead(AbstractChannelHandlerContext.java:363) [netty-transport-4.1.7.Final.jar:4.1.7.Final]
	at io.netty.channel.AbstractChannelHandlerContext.invokeChannelRead(AbstractChannelHandlerContext.java:349) [netty-transport-4.1.7.Final.jar:4.1.7.Final]
	at io.netty.channel.AbstractChannelHandlerContext.fireChannelRead(AbstractChannelHandlerContext.java:341) [netty-transport-4.1.7.Final.jar:4.1.7.Final]
	at io.netty.handler.codec.ByteToMessageDecoder.fireChannelRead(ByteToMessageDecoder.java:293) [netty-codec-4.1.7.Final.jar:4.1.7.Final]
	at io.netty.handler.codec.ByteToMessageDecoder.channelRead(ByteToMessageDecoder.java:267) [netty-codec-4.1.7.Final.jar:4.1.7.Final]
	at io.netty.channel.AbstractChannelHandlerContext.invokeChannelRead(AbstractChannelHandlerContext.java:363) [netty-transport-4.1.7.Final.jar:4.1.7.Final]
	at io.netty.channel.AbstractChannelHandlerContext.invokeChannelRead(AbstractChannelHandlerContext.java:349) [netty-transport-4.1.7.Final.jar:4.1.7.Final]
	at io.netty.channel.AbstractChannelHandlerContext.fireChannelRead(AbstractChannelHandlerContext.java:341) [netty-transport-4.1.7.Final.jar:4.1.7.Final]
	at io.netty.channel.ChannelInboundHandlerAdapter.channelRead(ChannelInboundHandlerAdapter.java:86) [netty-transport-4.1.7.Final.jar:4.1.7.Final]
	at io.netty.channel.AbstractChannelHandlerContext.invokeChannelRead(AbstractChannelHandlerContext.java:363) [netty-transport-4.1.7.Final.jar:4.1.7.Final]
	at io.netty.channel.AbstractChannelHandlerContext.invokeChannelRead(AbstractChannelHandlerContext.java:349) [netty-transport-4.1.7.Final.jar:4.1.7.Final]
	at io.netty.channel.AbstractChannelHandlerContext.fireChannelRead(AbstractChannelHandlerContext.java:341) [netty-transport-4.1.7.Final.jar:4.1.7.Final]
	at io.netty.channel.DefaultChannelPipeline$HeadContext.channelRead(DefaultChannelPipeline.java:1334) [netty-transport-4.1.7.Final.jar:4.1.7.Final]
	at io.netty.channel.AbstractChannelHandlerContext.invokeChannelRead(AbstractChannelHandlerContext.java:363) [netty-transport-4.1.7.Final.jar:4.1.7.Final]
	at io.netty.channel.AbstractChannelHandlerContext.invokeChannelRead(AbstractChannelHandlerContext.java:349) [netty-transport-4.1.7.Final.jar:4.1.7.Final]
	at io.netty.channel.DefaultChannelPipeline.fireChannelRead(DefaultChannelPipeline.java:926) [netty-transport-4.1.7.Final.jar:4.1.7.Final]
	at io.netty.channel.nio.AbstractNioByteChannel$NioByteUnsafe.read(AbstractNioByteChannel.java:129) [netty-transport-4.1.7.Final.jar:4.1.7.Final]
	at io.netty.channel.nio.NioEventLoop.processSelectedKey(NioEventLoop.java:642) [netty-transport-4.1.7.Final.jar:4.1.7.Final]
	at io.netty.channel.nio.NioEventLoop.processSelectedKeysPlain(NioEventLoop.java:527) [netty-transport-4.1.7.Final.jar:4.1.7.Final]
	at io.netty.channel.nio.NioEventLoop.processSelectedKeys(NioEventLoop.java:481) [netty-transport-4.1.7.Final.jar:4.1.7.Final]
	at io.netty.channel.nio.NioEventLoop.run(NioEventLoop.java:441) [netty-transport-4.1.7.Final.jar:4.1.7.Final]
	at io.netty.util.concurrent.SingleThreadEventExecutor$5.run(SingleThreadEventExecutor.java:858) [netty-common-4.1.7.Final.jar:4.1.7.Final]
	at java.lang.Thread.run(Thread.java:745) [?:1.8.0_111]
