[2017-02-13T07:12:31,756][INFO ][o.e.n.Node               ] [] initializing ...
[2017-02-13T07:12:31,840][INFO ][o.e.e.NodeEnvironment    ] [4-RwZ7L] using [1] data paths, mounts [[/ (/dev/disk1)]], net usable_space [116gb], net total_space [232.6gb], spins? [unknown], types [hfs]
[2017-02-13T07:12:31,840][INFO ][o.e.e.NodeEnvironment    ] [4-RwZ7L] heap size [1.9gb], compressed ordinary object pointers [true]
[2017-02-13T07:12:31,855][INFO ][o.e.n.Node               ] node name [4-RwZ7L] derived from node ID [4-RwZ7LpRjGym25C2Wzmcg]; set [node.name] to override
[2017-02-13T07:12:31,859][INFO ][o.e.n.Node               ] version[5.2.0], pid[82554], build[24e05b9/2017-01-24T19:52:35.800Z], OS[Mac OS X/10.12.3/x86_64], JVM[Oracle Corporation/Java HotSpot(TM) 64-Bit Server VM/1.8.0_111/25.111-b14]
[2017-02-13T07:12:32,717][INFO ][o.e.p.PluginsService     ] [4-RwZ7L] loaded module [aggs-matrix-stats]
[2017-02-13T07:12:32,717][INFO ][o.e.p.PluginsService     ] [4-RwZ7L] loaded module [ingest-common]
[2017-02-13T07:12:32,717][INFO ][o.e.p.PluginsService     ] [4-RwZ7L] loaded module [lang-expression]
[2017-02-13T07:12:32,717][INFO ][o.e.p.PluginsService     ] [4-RwZ7L] loaded module [lang-groovy]
[2017-02-13T07:12:32,718][INFO ][o.e.p.PluginsService     ] [4-RwZ7L] loaded module [lang-mustache]
[2017-02-13T07:12:32,718][INFO ][o.e.p.PluginsService     ] [4-RwZ7L] loaded module [lang-painless]
[2017-02-13T07:12:32,718][INFO ][o.e.p.PluginsService     ] [4-RwZ7L] loaded module [percolator]
[2017-02-13T07:12:32,718][INFO ][o.e.p.PluginsService     ] [4-RwZ7L] loaded module [reindex]
[2017-02-13T07:12:32,718][INFO ][o.e.p.PluginsService     ] [4-RwZ7L] loaded module [transport-netty3]
[2017-02-13T07:12:32,718][INFO ][o.e.p.PluginsService     ] [4-RwZ7L] loaded module [transport-netty4]
[2017-02-13T07:12:32,719][INFO ][o.e.p.PluginsService     ] [4-RwZ7L] no plugins loaded
[2017-02-13T07:12:34,632][INFO ][o.e.n.Node               ] initialized
[2017-02-13T07:12:34,632][INFO ][o.e.n.Node               ] [4-RwZ7L] starting ...
[2017-02-13T07:12:34,842][INFO ][o.e.t.TransportService   ] [4-RwZ7L] publish_address {127.0.0.1:9300}, bound_addresses {[fe80::1]:9300}, {[::1]:9300}, {127.0.0.1:9300}
[2017-02-13T07:12:37,897][INFO ][o.e.c.s.ClusterService   ] [4-RwZ7L] new_master {4-RwZ7L}{4-RwZ7LpRjGym25C2Wzmcg}{T52FsuTHSyulKKOBEyCWug}{127.0.0.1}{127.0.0.1:9300}, reason: zen-disco-elected-as-master ([0] nodes joined)
[2017-02-13T07:12:37,914][INFO ][o.e.h.HttpServer         ] [4-RwZ7L] publish_address {127.0.0.1:9200}, bound_addresses {[fe80::1]:9200}, {[::1]:9200}, {127.0.0.1:9200}
[2017-02-13T07:12:37,914][INFO ][o.e.n.Node               ] [4-RwZ7L] started
[2017-02-13T07:12:38,031][INFO ][o.e.g.GatewayService     ] [4-RwZ7L] recovered [1] indices into cluster_state
[2017-02-13T07:12:38,314][INFO ][o.e.c.r.a.AllocationService] [4-RwZ7L] Cluster health status changed from [RED] to [YELLOW] (reason: [shards started [[app][4]] ...]).
[2017-02-13T07:13:39,757][INFO ][o.e.c.m.MetaDataDeleteIndexService] [4-RwZ7L] [app/-0OftXETQdS45OeWy6fMGA] deleting index
[2017-02-13T07:13:39,862][INFO ][o.e.c.m.MetaDataCreateIndexService] [4-RwZ7L] [app] creating index, cause [api], templates [], shards [5]/[1], mappings [word]
[2017-02-13T07:19:49,569][DEBUG][o.e.a.s.TransportSearchAction] [4-RwZ7L] [app][0], node[4-RwZ7LpRjGym25C2Wzmcg], [P], s[STARTED], a[id=p3DHNzUyQxa7EVyEmtTYaA]: Failed to execute [SearchRequest{searchType=QUERY_THEN_FETCH, indices=[app], indicesOptions=IndicesOptions[id=38, ignore_unavailable=false, allow_no_indices=true, expand_wildcards_open=true, expand_wildcards_closed=false, allow_alisases_to_multiple_indices=true, forbid_closed_indices=true], types=[word], routing='null', preference='null', requestCache=null, scroll=null, source={
  "query" : {
    "match_all" : {
      "boost" : 1.0
    }
  },
  "sort" : [
    {
      "_score" : {
        "order" : "desc"
      }
    },
    {
      "order" : {
        "order" : "desc"
      }
    }
  ]
}}] lastShard [true]
org.elasticsearch.transport.RemoteTransportException: [4-RwZ7L][127.0.0.1:9300][indices:data/read/search[phase/query]]
Caused by: org.elasticsearch.index.query.QueryShardException: No mapping found for [order] in order to sort on
	at org.elasticsearch.search.sort.FieldSortBuilder.build(FieldSortBuilder.java:262) ~[elasticsearch-5.2.0.jar:5.2.0]
	at org.elasticsearch.search.sort.SortBuilder.buildSort(SortBuilder.java:156) ~[elasticsearch-5.2.0.jar:5.2.0]
	at org.elasticsearch.search.SearchService.parseSource(SearchService.java:688) ~[elasticsearch-5.2.0.jar:5.2.0]
	at org.elasticsearch.search.SearchService.createContext(SearchService.java:540) ~[elasticsearch-5.2.0.jar:5.2.0]
	at org.elasticsearch.search.SearchService.createAndPutContext(SearchService.java:516) ~[elasticsearch-5.2.0.jar:5.2.0]
	at org.elasticsearch.search.SearchService.executeQueryPhase(SearchService.java:251) ~[elasticsearch-5.2.0.jar:5.2.0]
	at org.elasticsearch.action.search.SearchTransportService$6.messageReceived(SearchTransportService.java:298) ~[elasticsearch-5.2.0.jar:5.2.0]
	at org.elasticsearch.action.search.SearchTransportService$6.messageReceived(SearchTransportService.java:295) ~[elasticsearch-5.2.0.jar:5.2.0]
	at org.elasticsearch.transport.RequestHandlerRegistry.processMessageReceived(RequestHandlerRegistry.java:69) ~[elasticsearch-5.2.0.jar:5.2.0]
	at org.elasticsearch.transport.TransportService$7.doRun(TransportService.java:610) [elasticsearch-5.2.0.jar:5.2.0]
	at org.elasticsearch.common.util.concurrent.ThreadContext$ContextPreservingAbstractRunnable.doRun(ThreadContext.java:596) [elasticsearch-5.2.0.jar:5.2.0]
	at org.elasticsearch.common.util.concurrent.AbstractRunnable.run(AbstractRunnable.java:37) [elasticsearch-5.2.0.jar:5.2.0]
	at java.util.concurrent.ThreadPoolExecutor.runWorker(ThreadPoolExecutor.java:1142) [?:1.8.0_111]
	at java.util.concurrent.ThreadPoolExecutor$Worker.run(ThreadPoolExecutor.java:617) [?:1.8.0_111]
	at java.lang.Thread.run(Thread.java:745) [?:1.8.0_111]
[2017-02-13T07:19:49,569][DEBUG][o.e.a.s.TransportSearchAction] [4-RwZ7L] [app][3], node[4-RwZ7LpRjGym25C2Wzmcg], [P], s[STARTED], a[id=8umU5Gq0Swm_Ji66avDboA]: Failed to execute [SearchRequest{searchType=QUERY_THEN_FETCH, indices=[app], indicesOptions=IndicesOptions[id=38, ignore_unavailable=false, allow_no_indices=true, expand_wildcards_open=true, expand_wildcards_closed=false, allow_alisases_to_multiple_indices=true, forbid_closed_indices=true], types=[word], routing='null', preference='null', requestCache=null, scroll=null, source={
  "query" : {
    "match_all" : {
      "boost" : 1.0
    }
  },
  "sort" : [
    {
      "_score" : {
        "order" : "desc"
      }
    },
    {
      "order" : {
        "order" : "desc"
      }
    }
  ]
}}]
org.elasticsearch.transport.RemoteTransportException: [4-RwZ7L][127.0.0.1:9300][indices:data/read/search[phase/query]]
Caused by: org.elasticsearch.index.query.QueryShardException: No mapping found for [order] in order to sort on
	at org.elasticsearch.search.sort.FieldSortBuilder.build(FieldSortBuilder.java:262) ~[elasticsearch-5.2.0.jar:5.2.0]
	at org.elasticsearch.search.sort.SortBuilder.buildSort(SortBuilder.java:156) ~[elasticsearch-5.2.0.jar:5.2.0]
	at org.elasticsearch.search.SearchService.parseSource(SearchService.java:688) ~[elasticsearch-5.2.0.jar:5.2.0]
	at org.elasticsearch.search.SearchService.createContext(SearchService.java:540) ~[elasticsearch-5.2.0.jar:5.2.0]
	at org.elasticsearch.search.SearchService.createAndPutContext(SearchService.java:516) ~[elasticsearch-5.2.0.jar:5.2.0]
	at org.elasticsearch.search.SearchService.executeQueryPhase(SearchService.java:251) ~[elasticsearch-5.2.0.jar:5.2.0]
	at org.elasticsearch.action.search.SearchTransportService$6.messageReceived(SearchTransportService.java:298) ~[elasticsearch-5.2.0.jar:5.2.0]
	at org.elasticsearch.action.search.SearchTransportService$6.messageReceived(SearchTransportService.java:295) ~[elasticsearch-5.2.0.jar:5.2.0]
	at org.elasticsearch.transport.RequestHandlerRegistry.processMessageReceived(RequestHandlerRegistry.java:69) ~[elasticsearch-5.2.0.jar:5.2.0]
	at org.elasticsearch.transport.TransportService$7.doRun(TransportService.java:610) [elasticsearch-5.2.0.jar:5.2.0]
	at org.elasticsearch.common.util.concurrent.ThreadContext$ContextPreservingAbstractRunnable.doRun(ThreadContext.java:596) [elasticsearch-5.2.0.jar:5.2.0]
	at org.elasticsearch.common.util.concurrent.AbstractRunnable.run(AbstractRunnable.java:37) [elasticsearch-5.2.0.jar:5.2.0]
	at java.util.concurrent.ThreadPoolExecutor.runWorker(ThreadPoolExecutor.java:1142) [?:1.8.0_111]
	at java.util.concurrent.ThreadPoolExecutor$Worker.run(ThreadPoolExecutor.java:617) [?:1.8.0_111]
	at java.lang.Thread.run(Thread.java:745) [?:1.8.0_111]
[2017-02-13T07:19:49,569][DEBUG][o.e.a.s.TransportSearchAction] [4-RwZ7L] [app][2], node[4-RwZ7LpRjGym25C2Wzmcg], [P], s[STARTED], a[id=qRt99HRKRWiWgLuhF1eyAw]: Failed to execute [SearchRequest{searchType=QUERY_THEN_FETCH, indices=[app], indicesOptions=IndicesOptions[id=38, ignore_unavailable=false, allow_no_indices=true, expand_wildcards_open=true, expand_wildcards_closed=false, allow_alisases_to_multiple_indices=true, forbid_closed_indices=true], types=[word], routing='null', preference='null', requestCache=null, scroll=null, source={
  "query" : {
    "match_all" : {
      "boost" : 1.0
    }
  },
  "sort" : [
    {
      "_score" : {
        "order" : "desc"
      }
    },
    {
      "order" : {
        "order" : "desc"
      }
    }
  ]
}}] lastShard [true]
org.elasticsearch.transport.RemoteTransportException: [4-RwZ7L][127.0.0.1:9300][indices:data/read/search[phase/query]]
Caused by: org.elasticsearch.index.query.QueryShardException: No mapping found for [order] in order to sort on
	at org.elasticsearch.search.sort.FieldSortBuilder.build(FieldSortBuilder.java:262) ~[elasticsearch-5.2.0.jar:5.2.0]
	at org.elasticsearch.search.sort.SortBuilder.buildSort(SortBuilder.java:156) ~[elasticsearch-5.2.0.jar:5.2.0]
	at org.elasticsearch.search.SearchService.parseSource(SearchService.java:688) ~[elasticsearch-5.2.0.jar:5.2.0]
	at org.elasticsearch.search.SearchService.createContext(SearchService.java:540) ~[elasticsearch-5.2.0.jar:5.2.0]
	at org.elasticsearch.search.SearchService.createAndPutContext(SearchService.java:516) ~[elasticsearch-5.2.0.jar:5.2.0]
	at org.elasticsearch.search.SearchService.executeQueryPhase(SearchService.java:251) ~[elasticsearch-5.2.0.jar:5.2.0]
	at org.elasticsearch.action.search.SearchTransportService$6.messageReceived(SearchTransportService.java:298) ~[elasticsearch-5.2.0.jar:5.2.0]
	at org.elasticsearch.action.search.SearchTransportService$6.messageReceived(SearchTransportService.java:295) ~[elasticsearch-5.2.0.jar:5.2.0]
	at org.elasticsearch.transport.RequestHandlerRegistry.processMessageReceived(RequestHandlerRegistry.java:69) ~[elasticsearch-5.2.0.jar:5.2.0]
	at org.elasticsearch.transport.TransportService$7.doRun(TransportService.java:610) [elasticsearch-5.2.0.jar:5.2.0]
	at org.elasticsearch.common.util.concurrent.ThreadContext$ContextPreservingAbstractRunnable.doRun(ThreadContext.java:596) [elasticsearch-5.2.0.jar:5.2.0]
	at org.elasticsearch.common.util.concurrent.AbstractRunnable.run(AbstractRunnable.java:37) [elasticsearch-5.2.0.jar:5.2.0]
	at java.util.concurrent.ThreadPoolExecutor.runWorker(ThreadPoolExecutor.java:1142) [?:1.8.0_111]
	at java.util.concurrent.ThreadPoolExecutor$Worker.run(ThreadPoolExecutor.java:617) [?:1.8.0_111]
	at java.lang.Thread.run(Thread.java:745) [?:1.8.0_111]
[2017-02-13T07:19:49,569][DEBUG][o.e.a.s.TransportSearchAction] [4-RwZ7L] [app][1], node[4-RwZ7LpRjGym25C2Wzmcg], [P], s[STARTED], a[id=ym-DhnghRVa0KVQpZXX41g]: Failed to execute [SearchRequest{searchType=QUERY_THEN_FETCH, indices=[app], indicesOptions=IndicesOptions[id=38, ignore_unavailable=false, allow_no_indices=true, expand_wildcards_open=true, expand_wildcards_closed=false, allow_alisases_to_multiple_indices=true, forbid_closed_indices=true], types=[word], routing='null', preference='null', requestCache=null, scroll=null, source={
  "query" : {
    "match_all" : {
      "boost" : 1.0
    }
  },
  "sort" : [
    {
      "_score" : {
        "order" : "desc"
      }
    },
    {
      "order" : {
        "order" : "desc"
      }
    }
  ]
}}] lastShard [true]
org.elasticsearch.transport.RemoteTransportException: [4-RwZ7L][127.0.0.1:9300][indices:data/read/search[phase/query]]
Caused by: org.elasticsearch.index.query.QueryShardException: No mapping found for [order] in order to sort on
	at org.elasticsearch.search.sort.FieldSortBuilder.build(FieldSortBuilder.java:262) ~[elasticsearch-5.2.0.jar:5.2.0]
	at org.elasticsearch.search.sort.SortBuilder.buildSort(SortBuilder.java:156) ~[elasticsearch-5.2.0.jar:5.2.0]
	at org.elasticsearch.search.SearchService.parseSource(SearchService.java:688) ~[elasticsearch-5.2.0.jar:5.2.0]
	at org.elasticsearch.search.SearchService.createContext(SearchService.java:540) ~[elasticsearch-5.2.0.jar:5.2.0]
	at org.elasticsearch.search.SearchService.createAndPutContext(SearchService.java:516) ~[elasticsearch-5.2.0.jar:5.2.0]
	at org.elasticsearch.search.SearchService.executeQueryPhase(SearchService.java:251) ~[elasticsearch-5.2.0.jar:5.2.0]
	at org.elasticsearch.action.search.SearchTransportService$6.messageReceived(SearchTransportService.java:298) ~[elasticsearch-5.2.0.jar:5.2.0]
	at org.elasticsearch.action.search.SearchTransportService$6.messageReceived(SearchTransportService.java:295) ~[elasticsearch-5.2.0.jar:5.2.0]
	at org.elasticsearch.transport.RequestHandlerRegistry.processMessageReceived(RequestHandlerRegistry.java:69) ~[elasticsearch-5.2.0.jar:5.2.0]
	at org.elasticsearch.transport.TransportService$7.doRun(TransportService.java:610) [elasticsearch-5.2.0.jar:5.2.0]
	at org.elasticsearch.common.util.concurrent.ThreadContext$ContextPreservingAbstractRunnable.doRun(ThreadContext.java:596) [elasticsearch-5.2.0.jar:5.2.0]
	at org.elasticsearch.common.util.concurrent.AbstractRunnable.run(AbstractRunnable.java:37) [elasticsearch-5.2.0.jar:5.2.0]
	at java.util.concurrent.ThreadPoolExecutor.runWorker(ThreadPoolExecutor.java:1142) [?:1.8.0_111]
	at java.util.concurrent.ThreadPoolExecutor$Worker.run(ThreadPoolExecutor.java:617) [?:1.8.0_111]
	at java.lang.Thread.run(Thread.java:745) [?:1.8.0_111]
[2017-02-13T07:19:49,569][DEBUG][o.e.a.s.TransportSearchAction] [4-RwZ7L] [app][4], node[4-RwZ7LpRjGym25C2Wzmcg], [P], s[STARTED], a[id=z4QrQaoQSUOG3UGz-TM1xg]: Failed to execute [SearchRequest{searchType=QUERY_THEN_FETCH, indices=[app], indicesOptions=IndicesOptions[id=38, ignore_unavailable=false, allow_no_indices=true, expand_wildcards_open=true, expand_wildcards_closed=false, allow_alisases_to_multiple_indices=true, forbid_closed_indices=true], types=[word], routing='null', preference='null', requestCache=null, scroll=null, source={
  "query" : {
    "match_all" : {
      "boost" : 1.0
    }
  },
  "sort" : [
    {
      "_score" : {
        "order" : "desc"
      }
    },
    {
      "order" : {
        "order" : "desc"
      }
    }
  ]
}}] lastShard [true]
org.elasticsearch.transport.RemoteTransportException: [4-RwZ7L][127.0.0.1:9300][indices:data/read/search[phase/query]]
Caused by: org.elasticsearch.index.query.QueryShardException: No mapping found for [order] in order to sort on
	at org.elasticsearch.search.sort.FieldSortBuilder.build(FieldSortBuilder.java:262) ~[elasticsearch-5.2.0.jar:5.2.0]
	at org.elasticsearch.search.sort.SortBuilder.buildSort(SortBuilder.java:156) ~[elasticsearch-5.2.0.jar:5.2.0]
	at org.elasticsearch.search.SearchService.parseSource(SearchService.java:688) ~[elasticsearch-5.2.0.jar:5.2.0]
	at org.elasticsearch.search.SearchService.createContext(SearchService.java:540) ~[elasticsearch-5.2.0.jar:5.2.0]
	at org.elasticsearch.search.SearchService.createAndPutContext(SearchService.java:516) ~[elasticsearch-5.2.0.jar:5.2.0]
	at org.elasticsearch.search.SearchService.executeQueryPhase(SearchService.java:251) ~[elasticsearch-5.2.0.jar:5.2.0]
	at org.elasticsearch.action.search.SearchTransportService$6.messageReceived(SearchTransportService.java:298) ~[elasticsearch-5.2.0.jar:5.2.0]
	at org.elasticsearch.action.search.SearchTransportService$6.messageReceived(SearchTransportService.java:295) ~[elasticsearch-5.2.0.jar:5.2.0]
	at org.elasticsearch.transport.RequestHandlerRegistry.processMessageReceived(RequestHandlerRegistry.java:69) ~[elasticsearch-5.2.0.jar:5.2.0]
	at org.elasticsearch.transport.TransportService$7.doRun(TransportService.java:610) [elasticsearch-5.2.0.jar:5.2.0]
	at org.elasticsearch.common.util.concurrent.ThreadContext$ContextPreservingAbstractRunnable.doRun(ThreadContext.java:596) [elasticsearch-5.2.0.jar:5.2.0]
	at org.elasticsearch.common.util.concurrent.AbstractRunnable.run(AbstractRunnable.java:37) [elasticsearch-5.2.0.jar:5.2.0]
	at java.util.concurrent.ThreadPoolExecutor.runWorker(ThreadPoolExecutor.java:1142) [?:1.8.0_111]
	at java.util.concurrent.ThreadPoolExecutor$Worker.run(ThreadPoolExecutor.java:617) [?:1.8.0_111]
	at java.lang.Thread.run(Thread.java:745) [?:1.8.0_111]
[2017-02-13T07:19:49,576][DEBUG][o.e.a.s.TransportSearchAction] [4-RwZ7L] All shards failed for phase: [query]
org.elasticsearch.transport.RemoteTransportException: [4-RwZ7L][127.0.0.1:9300][indices:data/read/search[phase/query]]
Caused by: org.elasticsearch.index.query.QueryShardException: No mapping found for [order] in order to sort on
	at org.elasticsearch.search.sort.FieldSortBuilder.build(FieldSortBuilder.java:262) ~[elasticsearch-5.2.0.jar:5.2.0]
	at org.elasticsearch.search.sort.SortBuilder.buildSort(SortBuilder.java:156) ~[elasticsearch-5.2.0.jar:5.2.0]
	at org.elasticsearch.search.SearchService.parseSource(SearchService.java:688) ~[elasticsearch-5.2.0.jar:5.2.0]
	at org.elasticsearch.search.SearchService.createContext(SearchService.java:540) ~[elasticsearch-5.2.0.jar:5.2.0]
	at org.elasticsearch.search.SearchService.createAndPutContext(SearchService.java:516) ~[elasticsearch-5.2.0.jar:5.2.0]
	at org.elasticsearch.search.SearchService.executeQueryPhase(SearchService.java:251) ~[elasticsearch-5.2.0.jar:5.2.0]
	at org.elasticsearch.action.search.SearchTransportService$6.messageReceived(SearchTransportService.java:298) ~[elasticsearch-5.2.0.jar:5.2.0]
	at org.elasticsearch.action.search.SearchTransportService$6.messageReceived(SearchTransportService.java:295) ~[elasticsearch-5.2.0.jar:5.2.0]
	at org.elasticsearch.transport.RequestHandlerRegistry.processMessageReceived(RequestHandlerRegistry.java:69) ~[elasticsearch-5.2.0.jar:5.2.0]
	at org.elasticsearch.transport.TransportService$7.doRun(TransportService.java:610) [elasticsearch-5.2.0.jar:5.2.0]
	at org.elasticsearch.common.util.concurrent.ThreadContext$ContextPreservingAbstractRunnable.doRun(ThreadContext.java:596) [elasticsearch-5.2.0.jar:5.2.0]
	at org.elasticsearch.common.util.concurrent.AbstractRunnable.run(AbstractRunnable.java:37) [elasticsearch-5.2.0.jar:5.2.0]
	at java.util.concurrent.ThreadPoolExecutor.runWorker(ThreadPoolExecutor.java:1142) [?:1.8.0_111]
	at java.util.concurrent.ThreadPoolExecutor$Worker.run(ThreadPoolExecutor.java:617) [?:1.8.0_111]
	at java.lang.Thread.run(Thread.java:745) [?:1.8.0_111]
[2017-02-13T07:20:09,855][DEBUG][o.e.a.s.TransportSearchAction] [4-RwZ7L] [app][1], node[4-RwZ7LpRjGym25C2Wzmcg], [P], s[STARTED], a[id=ym-DhnghRVa0KVQpZXX41g]: Failed to execute [SearchRequest{searchType=QUERY_THEN_FETCH, indices=[app], indicesOptions=IndicesOptions[id=38, ignore_unavailable=false, allow_no_indices=true, expand_wildcards_open=true, expand_wildcards_closed=false, allow_alisases_to_multiple_indices=true, forbid_closed_indices=true], types=[word], routing='null', preference='null', requestCache=null, scroll=null, source={
  "query" : {
    "match_all" : {
      "boost" : 1.0
    }
  },
  "sort" : [
    {
      "_score" : {
        "order" : "desc"
      }
    },
    {
      "order" : {
        "order" : "desc"
      }
    }
  ]
}}] lastShard [true]
org.elasticsearch.transport.RemoteTransportException: [4-RwZ7L][127.0.0.1:9300][indices:data/read/search[phase/query]]
Caused by: org.elasticsearch.index.query.QueryShardException: No mapping found for [order] in order to sort on
	at org.elasticsearch.search.sort.FieldSortBuilder.build(FieldSortBuilder.java:262) ~[elasticsearch-5.2.0.jar:5.2.0]
	at org.elasticsearch.search.sort.SortBuilder.buildSort(SortBuilder.java:156) ~[elasticsearch-5.2.0.jar:5.2.0]
	at org.elasticsearch.search.SearchService.parseSource(SearchService.java:688) ~[elasticsearch-5.2.0.jar:5.2.0]
	at org.elasticsearch.search.SearchService.createContext(SearchService.java:540) ~[elasticsearch-5.2.0.jar:5.2.0]
	at org.elasticsearch.search.SearchService.createAndPutContext(SearchService.java:516) ~[elasticsearch-5.2.0.jar:5.2.0]
	at org.elasticsearch.search.SearchService.executeQueryPhase(SearchService.java:251) ~[elasticsearch-5.2.0.jar:5.2.0]
	at org.elasticsearch.action.search.SearchTransportService$6.messageReceived(SearchTransportService.java:298) ~[elasticsearch-5.2.0.jar:5.2.0]
	at org.elasticsearch.action.search.SearchTransportService$6.messageReceived(SearchTransportService.java:295) ~[elasticsearch-5.2.0.jar:5.2.0]
	at org.elasticsearch.transport.RequestHandlerRegistry.processMessageReceived(RequestHandlerRegistry.java:69) ~[elasticsearch-5.2.0.jar:5.2.0]
	at org.elasticsearch.transport.TransportService$7.doRun(TransportService.java:610) [elasticsearch-5.2.0.jar:5.2.0]
	at org.elasticsearch.common.util.concurrent.ThreadContext$ContextPreservingAbstractRunnable.doRun(ThreadContext.java:596) [elasticsearch-5.2.0.jar:5.2.0]
	at org.elasticsearch.common.util.concurrent.AbstractRunnable.run(AbstractRunnable.java:37) [elasticsearch-5.2.0.jar:5.2.0]
	at java.util.concurrent.ThreadPoolExecutor.runWorker(ThreadPoolExecutor.java:1142) [?:1.8.0_111]
	at java.util.concurrent.ThreadPoolExecutor$Worker.run(ThreadPoolExecutor.java:617) [?:1.8.0_111]
	at java.lang.Thread.run(Thread.java:745) [?:1.8.0_111]
[2017-02-13T07:20:09,855][DEBUG][o.e.a.s.TransportSearchAction] [4-RwZ7L] [app][4], node[4-RwZ7LpRjGym25C2Wzmcg], [P], s[STARTED], a[id=z4QrQaoQSUOG3UGz-TM1xg]: Failed to execute [SearchRequest{searchType=QUERY_THEN_FETCH, indices=[app], indicesOptions=IndicesOptions[id=38, ignore_unavailable=false, allow_no_indices=true, expand_wildcards_open=true, expand_wildcards_closed=false, allow_alisases_to_multiple_indices=true, forbid_closed_indices=true], types=[word], routing='null', preference='null', requestCache=null, scroll=null, source={
  "query" : {
    "match_all" : {
      "boost" : 1.0
    }
  },
  "sort" : [
    {
      "_score" : {
        "order" : "desc"
      }
    },
    {
      "order" : {
        "order" : "desc"
      }
    }
  ]
}}]
org.elasticsearch.transport.RemoteTransportException: [4-RwZ7L][127.0.0.1:9300][indices:data/read/search[phase/query]]
Caused by: org.elasticsearch.index.query.QueryShardException: No mapping found for [order] in order to sort on
	at org.elasticsearch.search.sort.FieldSortBuilder.build(FieldSortBuilder.java:262) ~[elasticsearch-5.2.0.jar:5.2.0]
	at org.elasticsearch.search.sort.SortBuilder.buildSort(SortBuilder.java:156) ~[elasticsearch-5.2.0.jar:5.2.0]
	at org.elasticsearch.search.SearchService.parseSource(SearchService.java:688) ~[elasticsearch-5.2.0.jar:5.2.0]
	at org.elasticsearch.search.SearchService.createContext(SearchService.java:540) ~[elasticsearch-5.2.0.jar:5.2.0]
	at org.elasticsearch.search.SearchService.createAndPutContext(SearchService.java:516) ~[elasticsearch-5.2.0.jar:5.2.0]
	at org.elasticsearch.search.SearchService.executeQueryPhase(SearchService.java:251) ~[elasticsearch-5.2.0.jar:5.2.0]
	at org.elasticsearch.action.search.SearchTransportService$6.messageReceived(SearchTransportService.java:298) ~[elasticsearch-5.2.0.jar:5.2.0]
	at org.elasticsearch.action.search.SearchTransportService$6.messageReceived(SearchTransportService.java:295) ~[elasticsearch-5.2.0.jar:5.2.0]
	at org.elasticsearch.transport.RequestHandlerRegistry.processMessageReceived(RequestHandlerRegistry.java:69) ~[elasticsearch-5.2.0.jar:5.2.0]
	at org.elasticsearch.transport.TransportService$7.doRun(TransportService.java:610) [elasticsearch-5.2.0.jar:5.2.0]
	at org.elasticsearch.common.util.concurrent.ThreadContext$ContextPreservingAbstractRunnable.doRun(ThreadContext.java:596) [elasticsearch-5.2.0.jar:5.2.0]
	at org.elasticsearch.common.util.concurrent.AbstractRunnable.run(AbstractRunnable.java:37) [elasticsearch-5.2.0.jar:5.2.0]
	at java.util.concurrent.ThreadPoolExecutor.runWorker(ThreadPoolExecutor.java:1142) [?:1.8.0_111]
	at java.util.concurrent.ThreadPoolExecutor$Worker.run(ThreadPoolExecutor.java:617) [?:1.8.0_111]
	at java.lang.Thread.run(Thread.java:745) [?:1.8.0_111]
[2017-02-13T07:20:09,855][DEBUG][o.e.a.s.TransportSearchAction] [4-RwZ7L] [app][2], node[4-RwZ7LpRjGym25C2Wzmcg], [P], s[STARTED], a[id=qRt99HRKRWiWgLuhF1eyAw]: Failed to execute [SearchRequest{searchType=QUERY_THEN_FETCH, indices=[app], indicesOptions=IndicesOptions[id=38, ignore_unavailable=false, allow_no_indices=true, expand_wildcards_open=true, expand_wildcards_closed=false, allow_alisases_to_multiple_indices=true, forbid_closed_indices=true], types=[word], routing='null', preference='null', requestCache=null, scroll=null, source={
  "query" : {
    "match_all" : {
      "boost" : 1.0
    }
  },
  "sort" : [
    {
      "_score" : {
        "order" : "desc"
      }
    },
    {
      "order" : {
        "order" : "desc"
      }
    }
  ]
}}] lastShard [true]
org.elasticsearch.transport.RemoteTransportException: [4-RwZ7L][127.0.0.1:9300][indices:data/read/search[phase/query]]
Caused by: org.elasticsearch.index.query.QueryShardException: No mapping found for [order] in order to sort on
	at org.elasticsearch.search.sort.FieldSortBuilder.build(FieldSortBuilder.java:262) ~[elasticsearch-5.2.0.jar:5.2.0]
	at org.elasticsearch.search.sort.SortBuilder.buildSort(SortBuilder.java:156) ~[elasticsearch-5.2.0.jar:5.2.0]
	at org.elasticsearch.search.SearchService.parseSource(SearchService.java:688) ~[elasticsearch-5.2.0.jar:5.2.0]
	at org.elasticsearch.search.SearchService.createContext(SearchService.java:540) ~[elasticsearch-5.2.0.jar:5.2.0]
	at org.elasticsearch.search.SearchService.createAndPutContext(SearchService.java:516) ~[elasticsearch-5.2.0.jar:5.2.0]
	at org.elasticsearch.search.SearchService.executeQueryPhase(SearchService.java:251) ~[elasticsearch-5.2.0.jar:5.2.0]
	at org.elasticsearch.action.search.SearchTransportService$6.messageReceived(SearchTransportService.java:298) ~[elasticsearch-5.2.0.jar:5.2.0]
	at org.elasticsearch.action.search.SearchTransportService$6.messageReceived(SearchTransportService.java:295) ~[elasticsearch-5.2.0.jar:5.2.0]
	at org.elasticsearch.transport.RequestHandlerRegistry.processMessageReceived(RequestHandlerRegistry.java:69) ~[elasticsearch-5.2.0.jar:5.2.0]
	at org.elasticsearch.transport.TransportService$7.doRun(TransportService.java:610) [elasticsearch-5.2.0.jar:5.2.0]
	at org.elasticsearch.common.util.concurrent.ThreadContext$ContextPreservingAbstractRunnable.doRun(ThreadContext.java:596) [elasticsearch-5.2.0.jar:5.2.0]
	at org.elasticsearch.common.util.concurrent.AbstractRunnable.run(AbstractRunnable.java:37) [elasticsearch-5.2.0.jar:5.2.0]
	at java.util.concurrent.ThreadPoolExecutor.runWorker(ThreadPoolExecutor.java:1142) [?:1.8.0_111]
	at java.util.concurrent.ThreadPoolExecutor$Worker.run(ThreadPoolExecutor.java:617) [?:1.8.0_111]
	at java.lang.Thread.run(Thread.java:745) [?:1.8.0_111]
[2017-02-13T07:20:09,855][DEBUG][o.e.a.s.TransportSearchAction] [4-RwZ7L] [app][3], node[4-RwZ7LpRjGym25C2Wzmcg], [P], s[STARTED], a[id=8umU5Gq0Swm_Ji66avDboA]: Failed to execute [SearchRequest{searchType=QUERY_THEN_FETCH, indices=[app], indicesOptions=IndicesOptions[id=38, ignore_unavailable=false, allow_no_indices=true, expand_wildcards_open=true, expand_wildcards_closed=false, allow_alisases_to_multiple_indices=true, forbid_closed_indices=true], types=[word], routing='null', preference='null', requestCache=null, scroll=null, source={
  "query" : {
    "match_all" : {
      "boost" : 1.0
    }
  },
  "sort" : [
    {
      "_score" : {
        "order" : "desc"
      }
    },
    {
      "order" : {
        "order" : "desc"
      }
    }
  ]
}}] lastShard [true]
org.elasticsearch.transport.RemoteTransportException: [4-RwZ7L][127.0.0.1:9300][indices:data/read/search[phase/query]]
Caused by: org.elasticsearch.index.query.QueryShardException: No mapping found for [order] in order to sort on
	at org.elasticsearch.search.sort.FieldSortBuilder.build(FieldSortBuilder.java:262) ~[elasticsearch-5.2.0.jar:5.2.0]
	at org.elasticsearch.search.sort.SortBuilder.buildSort(SortBuilder.java:156) ~[elasticsearch-5.2.0.jar:5.2.0]
	at org.elasticsearch.search.SearchService.parseSource(SearchService.java:688) ~[elasticsearch-5.2.0.jar:5.2.0]
	at org.elasticsearch.search.SearchService.createContext(SearchService.java:540) ~[elasticsearch-5.2.0.jar:5.2.0]
	at org.elasticsearch.search.SearchService.createAndPutContext(SearchService.java:516) ~[elasticsearch-5.2.0.jar:5.2.0]
	at org.elasticsearch.search.SearchService.executeQueryPhase(SearchService.java:251) ~[elasticsearch-5.2.0.jar:5.2.0]
	at org.elasticsearch.action.search.SearchTransportService$6.messageReceived(SearchTransportService.java:298) ~[elasticsearch-5.2.0.jar:5.2.0]
	at org.elasticsearch.action.search.SearchTransportService$6.messageReceived(SearchTransportService.java:295) ~[elasticsearch-5.2.0.jar:5.2.0]
	at org.elasticsearch.transport.RequestHandlerRegistry.processMessageReceived(RequestHandlerRegistry.java:69) ~[elasticsearch-5.2.0.jar:5.2.0]
	at org.elasticsearch.transport.TransportService$7.doRun(TransportService.java:610) [elasticsearch-5.2.0.jar:5.2.0]
	at org.elasticsearch.common.util.concurrent.ThreadContext$ContextPreservingAbstractRunnable.doRun(ThreadContext.java:596) [elasticsearch-5.2.0.jar:5.2.0]
	at org.elasticsearch.common.util.concurrent.AbstractRunnable.run(AbstractRunnable.java:37) [elasticsearch-5.2.0.jar:5.2.0]
	at java.util.concurrent.ThreadPoolExecutor.runWorker(ThreadPoolExecutor.java:1142) [?:1.8.0_111]
	at java.util.concurrent.ThreadPoolExecutor$Worker.run(ThreadPoolExecutor.java:617) [?:1.8.0_111]
	at java.lang.Thread.run(Thread.java:745) [?:1.8.0_111]
[2017-02-13T07:20:09,855][DEBUG][o.e.a.s.TransportSearchAction] [4-RwZ7L] [app][0], node[4-RwZ7LpRjGym25C2Wzmcg], [P], s[STARTED], a[id=p3DHNzUyQxa7EVyEmtTYaA]: Failed to execute [SearchRequest{searchType=QUERY_THEN_FETCH, indices=[app], indicesOptions=IndicesOptions[id=38, ignore_unavailable=false, allow_no_indices=true, expand_wildcards_open=true, expand_wildcards_closed=false, allow_alisases_to_multiple_indices=true, forbid_closed_indices=true], types=[word], routing='null', preference='null', requestCache=null, scroll=null, source={
  "query" : {
    "match_all" : {
      "boost" : 1.0
    }
  },
  "sort" : [
    {
      "_score" : {
        "order" : "desc"
      }
    },
    {
      "order" : {
        "order" : "desc"
      }
    }
  ]
}}] lastShard [true]
org.elasticsearch.transport.RemoteTransportException: [4-RwZ7L][127.0.0.1:9300][indices:data/read/search[phase/query]]
Caused by: org.elasticsearch.index.query.QueryShardException: No mapping found for [order] in order to sort on
	at org.elasticsearch.search.sort.FieldSortBuilder.build(FieldSortBuilder.java:262) ~[elasticsearch-5.2.0.jar:5.2.0]
	at org.elasticsearch.search.sort.SortBuilder.buildSort(SortBuilder.java:156) ~[elasticsearch-5.2.0.jar:5.2.0]
	at org.elasticsearch.search.SearchService.parseSource(SearchService.java:688) ~[elasticsearch-5.2.0.jar:5.2.0]
	at org.elasticsearch.search.SearchService.createContext(SearchService.java:540) ~[elasticsearch-5.2.0.jar:5.2.0]
	at org.elasticsearch.search.SearchService.createAndPutContext(SearchService.java:516) ~[elasticsearch-5.2.0.jar:5.2.0]
	at org.elasticsearch.search.SearchService.executeQueryPhase(SearchService.java:251) ~[elasticsearch-5.2.0.jar:5.2.0]
	at org.elasticsearch.action.search.SearchTransportService$6.messageReceived(SearchTransportService.java:298) ~[elasticsearch-5.2.0.jar:5.2.0]
	at org.elasticsearch.action.search.SearchTransportService$6.messageReceived(SearchTransportService.java:295) ~[elasticsearch-5.2.0.jar:5.2.0]
	at org.elasticsearch.transport.RequestHandlerRegistry.processMessageReceived(RequestHandlerRegistry.java:69) ~[elasticsearch-5.2.0.jar:5.2.0]
	at org.elasticsearch.transport.TransportService$7.doRun(TransportService.java:610) [elasticsearch-5.2.0.jar:5.2.0]
	at org.elasticsearch.common.util.concurrent.ThreadContext$ContextPreservingAbstractRunnable.doRun(ThreadContext.java:596) [elasticsearch-5.2.0.jar:5.2.0]
	at org.elasticsearch.common.util.concurrent.AbstractRunnable.run(AbstractRunnable.java:37) [elasticsearch-5.2.0.jar:5.2.0]
	at java.util.concurrent.ThreadPoolExecutor.runWorker(ThreadPoolExecutor.java:1142) [?:1.8.0_111]
	at java.util.concurrent.ThreadPoolExecutor$Worker.run(ThreadPoolExecutor.java:617) [?:1.8.0_111]
	at java.lang.Thread.run(Thread.java:745) [?:1.8.0_111]
[2017-02-13T07:20:09,856][DEBUG][o.e.a.s.TransportSearchAction] [4-RwZ7L] All shards failed for phase: [query]
org.elasticsearch.transport.RemoteTransportException: [4-RwZ7L][127.0.0.1:9300][indices:data/read/search[phase/query]]
Caused by: org.elasticsearch.index.query.QueryShardException: No mapping found for [order] in order to sort on
	at org.elasticsearch.search.sort.FieldSortBuilder.build(FieldSortBuilder.java:262) ~[elasticsearch-5.2.0.jar:5.2.0]
	at org.elasticsearch.search.sort.SortBuilder.buildSort(SortBuilder.java:156) ~[elasticsearch-5.2.0.jar:5.2.0]
	at org.elasticsearch.search.SearchService.parseSource(SearchService.java:688) ~[elasticsearch-5.2.0.jar:5.2.0]
	at org.elasticsearch.search.SearchService.createContext(SearchService.java:540) ~[elasticsearch-5.2.0.jar:5.2.0]
	at org.elasticsearch.search.SearchService.createAndPutContext(SearchService.java:516) ~[elasticsearch-5.2.0.jar:5.2.0]
	at org.elasticsearch.search.SearchService.executeQueryPhase(SearchService.java:251) ~[elasticsearch-5.2.0.jar:5.2.0]
	at org.elasticsearch.action.search.SearchTransportService$6.messageReceived(SearchTransportService.java:298) ~[elasticsearch-5.2.0.jar:5.2.0]
	at org.elasticsearch.action.search.SearchTransportService$6.messageReceived(SearchTransportService.java:295) ~[elasticsearch-5.2.0.jar:5.2.0]
	at org.elasticsearch.transport.RequestHandlerRegistry.processMessageReceived(RequestHandlerRegistry.java:69) ~[elasticsearch-5.2.0.jar:5.2.0]
	at org.elasticsearch.transport.TransportService$7.doRun(TransportService.java:610) [elasticsearch-5.2.0.jar:5.2.0]
	at org.elasticsearch.common.util.concurrent.ThreadContext$ContextPreservingAbstractRunnable.doRun(ThreadContext.java:596) [elasticsearch-5.2.0.jar:5.2.0]
	at org.elasticsearch.common.util.concurrent.AbstractRunnable.run(AbstractRunnable.java:37) [elasticsearch-5.2.0.jar:5.2.0]
	at java.util.concurrent.ThreadPoolExecutor.runWorker(ThreadPoolExecutor.java:1142) [?:1.8.0_111]
	at java.util.concurrent.ThreadPoolExecutor$Worker.run(ThreadPoolExecutor.java:617) [?:1.8.0_111]
	at java.lang.Thread.run(Thread.java:745) [?:1.8.0_111]
